[    0.000000] Initializing cgroup subsys cpuset
[    0.000000] Initializing cgroup subsys cpu
[    0.000000] Initializing cgroup subsys cpuacct
[    0.000000] Linux version 4.4.0-97-generic (buildd@lcy01-33) (gcc version 5.4.0 20160609 (Ubuntu 5.4.0-6ubuntu1~16.04.4) ) #120-Ubuntu SMP Tue Sep 19 17:28:18 UTC 2017 (Ubuntu 4.4.0-97.120-generic 4.4.87)
[    0.000000] Command line: BOOT_IMAGE=/boot/vmlinuz-4.4.0-97-generic root=LABEL=cloudimg-rootfs ro console=tty1 console=ttyS0
[    0.000000] KERNEL supported cpus:
[    0.000000]   Intel GenuineIntel
[    0.000000]   AMD AuthenticAMD
[    0.000000]   Centaur CentaurHauls
[    0.000000] x86/fpu: xstate_offset[2]:  576, xstate_sizes[2]:  256
[    0.000000] x86/fpu: Supporting XSAVE feature 0x01: 'x87 floating point registers'
[    0.000000] x86/fpu: Supporting XSAVE feature 0x02: 'SSE registers'
[    0.000000] x86/fpu: Supporting XSAVE feature 0x04: 'AVX registers'
[    0.000000] x86/fpu: Enabled xstate features 0x7, context size is 832 bytes, using 'standard' format.
[    0.000000] x86/fpu: Using 'lazy' FPU context switches.
[    0.000000] e820: BIOS-provided physical RAM map:
[    0.000000] BIOS-e820: [mem 0x0000000000000000-0x000000000009fbff] usable
[    0.000000] BIOS-e820: [mem 0x000000000009fc00-0x000000000009ffff] reserved
[    0.000000] BIOS-e820: [mem 0x00000000000f0000-0x00000000000fffff] reserved
[    0.000000] BIOS-e820: [mem 0x0000000000100000-0x000000007ffeffff] usable
[    0.000000] BIOS-e820: [mem 0x000000007fff0000-0x000000007fffffff] ACPI data
[    0.000000] BIOS-e820: [mem 0x00000000fec00000-0x00000000fec00fff] reserved
[    0.000000] BIOS-e820: [mem 0x00000000fee00000-0x00000000fee00fff] reserved
[    0.000000] BIOS-e820: [mem 0x00000000fffc0000-0x00000000ffffffff] reserved
[    0.000000] NX (Execute Disable) protection: active
[    0.000000] SMBIOS 2.5 present.
[    0.000000] Hypervisor detected: KVM
[    0.000000] e820: last_pfn = 0x7fff0 max_arch_pfn = 0x400000000
[    0.000000] MTRR: Disabled
[    0.000000] x86/PAT: MTRRs disabled, skipping PAT initialization too.
[    0.000000] CPU MTRRs all blank - virtualized system.
[    0.000000] x86/PAT: Configuration [0-7]: WB  WT  UC- UC  WB  WT  UC- UC  
[    0.000000] found SMP MP-table at [mem 0x0009fff0-0x0009ffff] mapped at [ffff88000009fff0]
[    0.000000] Scanning 1 areas for low memory corruption
[    0.000000] RAMDISK: [mem 0x36adc000-0x37565fff]
[    0.000000] ACPI: Early table checksum verification disabled
[    0.000000] ACPI: RSDP 0x00000000000E0000 000024 (v02 VBOX  )
[    0.000000] ACPI: XSDT 0x000000007FFF0030 00003C (v01 VBOX   VBOXXSDT 00000001 ASL  00000061)
[    0.000000] ACPI: FACP 0x000000007FFF00F0 0000F4 (v04 VBOX   VBOXFACP 00000001 ASL  00000061)
[    0.000000] ACPI: DSDT 0x000000007FFF04A0 0021C8 (v02 VBOX   VBOXBIOS 00000002 INTL 20100528)
[    0.000000] ACPI: FACS 0x000000007FFF0200 000040
[    0.000000] ACPI: FACS 0x000000007FFF0200 000040
[    0.000000] ACPI: APIC 0x000000007FFF0240 00008C (v02 VBOX   VBOXAPIC 00000001 ASL  00000061)
[    0.000000] ACPI: SSDT 0x000000007FFF02D0 0001CC (v01 VBOX   VBOXCPUT 00000002 INTL 20100528)
[    0.000000] No NUMA configuration found
[    0.000000] Faking a node at [mem 0x0000000000000000-0x000000007ffeffff]
[    0.000000] NODE_DATA(0) allocated [mem 0x7ffeb000-0x7ffeffff]
[    0.000000] kvm-clock: Using msrs 4b564d01 and 4b564d00
[    0.000000] kvm-clock: cpu 0, msr 0:7ffe3001, primary cpu clock
[    0.000000] kvm-clock: using sched offset of 4869473477 cycles
[    0.000000] clocksource: kvm-clock: mask: 0xffffffffffffffff max_cycles: 0x1cd42e4dffb, max_idle_ns: 881590591483 ns
[    0.000000] Zone ranges:
[    0.000000]   DMA      [mem 0x0000000000001000-0x0000000000ffffff]
[    0.000000]   DMA32    [mem 0x0000000001000000-0x000000007ffeffff]
[    0.000000]   Normal   empty
[    0.000000]   Device   empty
[    0.000000] Movable zone start for each node
[    0.000000] Early memory node ranges
[    0.000000]   node   0: [mem 0x0000000000001000-0x000000000009efff]
[    0.000000]   node   0: [mem 0x0000000000100000-0x000000007ffeffff]
[    0.000000] Initmem setup node 0 [mem 0x0000000000001000-0x000000007ffeffff]
[    0.000000] ACPI: PM-Timer IO Port: 0x4008
[    0.000000] IOAPIC[0]: apic_id 8, version 32, address 0xfec00000, GSI 0-23
[    0.000000] ACPI: INT_SRC_OVR (bus 0 bus_irq 0 global_irq 2 dfl dfl)
[    0.000000] ACPI: INT_SRC_OVR (bus 0 bus_irq 9 global_irq 9 high level)
[    0.000000] Using ACPI (MADT) for SMP configuration information
[    0.000000] smpboot: Allowing 8 CPUs, 0 hotplug CPUs
[    0.000000] PM: Registered nosave memory: [mem 0x00000000-0x00000fff]
[    0.000000] PM: Registered nosave memory: [mem 0x0009f000-0x0009ffff]
[    0.000000] PM: Registered nosave memory: [mem 0x000a0000-0x000effff]
[    0.000000] PM: Registered nosave memory: [mem 0x000f0000-0x000fffff]
[    0.000000] e820: [mem 0x80000000-0xfebfffff] available for PCI devices
[    0.000000] Booting paravirtualized kernel on KVM
[    0.000000] clocksource: refined-jiffies: mask: 0xffffffff max_cycles: 0xffffffff, max_idle_ns: 7645519600211568 ns
[    0.000000] setup_percpu: NR_CPUS:512 nr_cpumask_bits:512 nr_cpu_ids:8 nr_node_ids:1
[    0.000000] PERCPU: Embedded 34 pages/cpu @ffff88007fc00000 s98328 r8192 d32744 u262144
[    0.000000] PV qspinlock hash table entries: 256 (order: 0, 4096 bytes)
[    0.000000] Built 1 zonelists in Node order, mobility grouping on.  Total pages: 515961
[    0.000000] Policy zone: DMA32
[    0.000000] Kernel command line: BOOT_IMAGE=/boot/vmlinuz-4.4.0-97-generic root=LABEL=cloudimg-rootfs ro console=tty1 console=ttyS0
[    0.000000] PID hash table entries: 4096 (order: 3, 32768 bytes)
[    0.000000] Memory: 2033148K/2096696K available (8480K kernel code, 1294K rwdata, 3984K rodata, 1492K init, 1316K bss, 63548K reserved, 0K cma-reserved)
[    0.000000] SLUB: HWalign=64, Order=0-3, MinObjects=0, CPUs=8, Nodes=1
[    0.000000] Hierarchical RCU implementation.
[    0.000000] 	Build-time adjustment of leaf fanout to 64.
[    0.000000] 	RCU restricting CPUs from NR_CPUS=512 to nr_cpu_ids=8.
[    0.000000] RCU: Adjusting geometry for rcu_fanout_leaf=64, nr_cpu_ids=8
[    0.000000] NR_IRQS:33024 nr_irqs:488 16
[    0.000000] Console: colour VGA+ 80x25
[    0.000000] console [tty1] enabled
[    0.000000] console [ttyS0] enabled
[    0.000000] tsc: Detected 2793.634 MHz processor
[    1.735348] Calibrating delay loop (skipped) preset value.. 5587.26 BogoMIPS (lpj=11174536)
[    1.748418] pid_max: default: 32768 minimum: 301
[    1.753195] ACPI: Core revision 20150930
[    1.764607] ACPI: 2 ACPI AML tables successfully acquired and loaded
[    1.775570] Security Framework initialized
[    1.784303] Yama: becoming mindful.
[    1.788238] AppArmor: AppArmor initialized
[    1.795289] Dentry cache hash table entries: 262144 (order: 9, 2097152 bytes)
[    1.809135] Inode-cache hash table entries: 131072 (order: 8, 1048576 bytes)
[    1.818885] Mount-cache hash table entries: 4096 (order: 3, 32768 bytes)
[    1.832766] Mountpoint-cache hash table entries: 4096 (order: 3, 32768 bytes)
[    1.849841] Initializing cgroup subsys io
[    1.856039] Initializing cgroup subsys memory
[    1.862954] Initializing cgroup subsys devices
[    1.870278] Initializing cgroup subsys freezer
[    1.877575] Initializing cgroup subsys net_cls
[    1.883753] Initializing cgroup subsys perf_event
[    1.890990] Initializing cgroup subsys net_prio
[    1.898303] Initializing cgroup subsys hugetlb
[    1.905064] Initializing cgroup subsys pids
[    1.911531] CPU: Physical Processor ID: 0
[    1.920722] CPU: Processor Core ID: 0
[    1.926694] mce: CPU supports 0 MCE banks
[    1.932282] Last level iTLB entries: 4KB 512, 2MB 8, 4MB 8
[    1.940631] Last level dTLB entries: 4KB 512, 2MB 32, 4MB 32, 1GB 0
[    1.959153] Freeing SMP alternatives memory: 32K
[    2.007367] ftrace: allocating 32148 entries in 126 pages
[    2.209264] smpboot: APIC(0) Converting physical 0 to logical package 0
[    2.234530] smpboot: Max logical packages: 1
[    2.287153] x2apic enabled
[    2.330811] Switched APIC routing to physical x2apic.
[    2.381643] ..TIMER: vector=0x30 apic1=0 pin1=2 apic2=-1 pin2=-1
[    2.569728] smpboot: CPU0: Intel(R) Core(TM) i7-2640M CPU @ 2.80GHz (family: 0x6, model: 0x2a, stepping: 0x7)
[    2.596745] Performance Events: unsupported p6 CPU model 42 no PMU driver, software events only.
[    2.609912] KVM setup paravirtual spinlock
[    2.616488] x86: Booting SMP configuration:
[    2.620055] .... node  #0, CPUs:      #1
[    2.624721] kvm-clock: cpu 1, msr 0:7ffe3041, secondary cpu clock
[    2.672884] mce: CPU supports 0 MCE banks
[    2.697939]  #2
[    2.700877] kvm-clock: cpu 2, msr 0:7ffe3081, secondary cpu clock
[    2.769502] mce: CPU supports 0 MCE banks
[    2.814479]  #3
[    2.821685] kvm-clock: cpu 3, msr 0:7ffe30c1, secondary cpu clock
[    2.883804] mce: CPU supports 0 MCE banks
[    2.926748]  #4
[    2.930173] kvm-clock: cpu 4, msr 0:7ffe3101, secondary cpu clock
[    2.997566] mce: CPU supports 0 MCE banks
[    3.038895]  #5
[    3.041298] kvm-clock: cpu 5, msr 0:7ffe3141, secondary cpu clock
[    3.087776] mce: CPU supports 0 MCE banks
[    3.127803]  #6
[    3.129998] kvm-clock: cpu 6, msr 0:7ffe3181, secondary cpu clock
[    3.180720] mce: CPU supports 0 MCE banks
[    3.208919]  #7
[    3.213091] kvm-clock: cpu 7, msr 0:7ffe31c1, secondary cpu clock
[    3.251010] mce: CPU supports 0 MCE banks
[    3.274324] x86: Booted up 1 node, 8 CPUs
[    3.283335] smpboot: Total of 8 processors activated (44698.14 BogoMIPS)
[    3.335220] devtmpfs: initialized
[    3.357951] evm: security.selinux
[    3.365770] evm: security.SMACK64
[    3.372072] evm: security.SMACK64EXEC
[    3.377816] evm: security.SMACK64TRANSMUTE
[    3.391463] evm: security.SMACK64MMAP
[    3.427626] evm: security.ima
[    3.447514] evm: security.capability
[    3.469723] clocksource: jiffies: mask: 0xffffffff max_cycles: 0xffffffff, max_idle_ns: 7645041785100000 ns
[    3.548200] futex hash table entries: 2048 (order: 5, 131072 bytes)
[    3.590778] pinctrl core: initialized pinctrl subsystem
[    3.634357] RTC time:  9:29:53, date: 11/05/17
[    3.690888] NET: Registered protocol family 16
[    3.727958] cpuidle: using governor ladder
[    3.751632] cpuidle: using governor menu
[    3.766458] PCCT header not found.
[    3.777580] ACPI: bus type PCI registered
[    3.783651] acpiphp: ACPI Hot Plug PCI Controller Driver version: 0.5
[    3.801854] PCI: Using configuration type 1 for base access
[    3.837112] ACPI: Added _OSI(Module Device)
[    3.850069] ACPI: Added _OSI(Processor Device)
[    3.856924] ACPI: Added _OSI(3.0 _SCP Extensions)
[    3.866373] ACPI: Added _OSI(Processor Aggregator Device)
[    3.878559] ACPI: Executed 1 blocks of module-level executable AML code
[    3.904256] ACPI: Interpreter enabled
[    3.912752] ACPI: (supports S0 S5)
[    3.918627] ACPI: Using IOAPIC for interrupt routing
[    3.929028] PCI: Using host bridge windows from ACPI; if necessary, use "pci=nocrs" and report a bug
[    3.986419] ACPI: PCI Root Bridge [PCI0] (domain 0000 [bus 00-ff])
[    4.021938] acpi PNP0A03:00: _OSC: OS supports [ASPM ClockPM Segments MSI]
[    4.046432] acpi PNP0A03:00: _OSC failed (AE_NOT_FOUND); disabling ASPM
[    4.077499] acpi PNP0A03:00: fail to add MMCONFIG information, can't access extended PCI configuration space under this bridge.
[    4.103428] PCI host bridge to bus 0000:00
[    4.108694] pci_bus 0000:00: root bus resource [io  0x0000-0x0cf7 window]
[    4.117502] pci_bus 0000:00: root bus resource [io  0x0d00-0xffff window]
[    4.126958] pci_bus 0000:00: root bus resource [mem 0x000a0000-0x000bffff window]
[    4.142236] pci_bus 0000:00: root bus resource [mem 0x80000000-0xffdfffff window]
[    4.153064] pci_bus 0000:00: root bus resource [bus 00-ff]
[    4.170058] pci 0000:00:01.1: legacy IDE quirk: reg 0x10: [io  0x01f0-0x01f7]
[    4.179645] pci 0000:00:01.1: legacy IDE quirk: reg 0x14: [io  0x03f6]
[    4.192010] pci 0000:00:01.1: legacy IDE quirk: reg 0x18: [io  0x0170-0x0177]
[    4.203479] pci 0000:00:01.1: legacy IDE quirk: reg 0x1c: [io  0x0376]
[    4.273352] pci 0000:00:07.0: quirk: [io  0x4000-0x403f] claimed by PIIX4 ACPI
[    4.288044] pci 0000:00:07.0: quirk: [io  0x4100-0x410f] claimed by PIIX4 SMB
[    4.347699] ACPI: PCI Interrupt Link [LNKA] (IRQs 5 9 10 *11)
[    4.383417] ACPI: PCI Interrupt Link [LNKB] (IRQs 5 9 10 *11)
[    4.392595] ACPI: PCI Interrupt Link [LNKC] (IRQs 5 9 *10 11)
[    4.401349] ACPI: PCI Interrupt Link [LNKD] (IRQs 5 *9 10 11)
[    4.412720] ACPI: Enabled 2 GPEs in block 00 to 07
[    4.421441] vgaarb: setting as boot device: PCI:0000:00:02.0
[    4.430528] vgaarb: device added: PCI:0000:00:02.0,decodes=io+mem,owns=io+mem,locks=none
[    4.446070] vgaarb: loaded
[    4.450915] vgaarb: bridge control possible 0000:00:02.0
[    4.459565] SCSI subsystem initialized
[    4.465530] ACPI: bus type USB registered
[    4.473300] usbcore: registered new interface driver usbfs
[    4.481028] usbcore: registered new interface driver hub
[    4.488559] usbcore: registered new device driver usb
[    4.503003] PCI: Using ACPI for IRQ routing
[    4.512438] NetLabel: Initializing
[    4.518226] NetLabel:  domain hash size = 128
[    4.525142] NetLabel:  protocols = UNLABELED CIPSOv4
[    4.535575] NetLabel:  unlabeled traffic allowed by default
[    4.544897] amd_nb: Cannot enumerate AMD northbridges
[    4.772442] clocksource: Switched to clocksource kvm-clock
[    4.974507] AppArmor: AppArmor Filesystem Enabled
[    5.017004] pnp: PnP ACPI init
[    5.039530] pnp: PnP ACPI: found 3 devices
[    5.081883] clocksource: acpi_pm: mask: 0xffffff max_cycles: 0xffffff, max_idle_ns: 2085701024 ns
[    5.092065] NET: Registered protocol family 2
[    5.101168] TCP established hash table entries: 16384 (order: 5, 131072 bytes)
[    5.124296] TCP bind hash table entries: 16384 (order: 6, 262144 bytes)
[    5.131173] TCP: Hash tables configured (established 16384 bind 16384)
[    5.142339] UDP hash table entries: 1024 (order: 3, 32768 bytes)
[    5.157479] UDP-Lite hash table entries: 1024 (order: 3, 32768 bytes)
[    5.166595] NET: Registered protocol family 1
[    5.178623] pci 0000:00:00.0: Limiting direct PCI/PCI transfers
[    5.198602] pci 0000:00:01.0: Activating ISA DMA hang workarounds
[    5.207578] Unpacking initramfs...
[   11.058478] Freeing initrd memory: 10792K
[   11.098189] RAPL PMU detected, API unit is 2^-32 Joules, 3 fixed counters 10737418240 ms ovfl timer
[   11.251473] hw unit of domain pp0-core 2^-0 Joules
[   11.323310] hw unit of domain package 2^-0 Joules
[   11.393593] hw unit of domain pp1-gpu 2^-0 Joules
[   11.463736] platform rtc_cmos: registered platform RTC device (no PNP device found)
[   11.519826] Scanning for low memory corruption every 60 seconds
[   11.602453] audit: initializing netlink subsys (disabled)
[   11.643878] audit: type=2000 audit(1509874204.322:1): initialized
[   11.685726] Initialise system trusted keyring
[   11.735623] HugeTLB registered 2 MB page size, pre-allocated 0 pages
[   11.823234] zbud: loaded
[   11.883992] VFS: Disk quotas dquot_6.6.0
[   11.950598] VFS: Dquot-cache hash table entries: 512 (order 0, 4096 bytes)
[   12.079887] squashfs: version 4.0 (2009/01/31) Phillip Lougher
[   12.137055] fuse init (API version 7.23)
[   12.148721] Key type big_key registered
[   12.154308] Allocating IMA MOK and blacklist keyrings.
[   12.165865] Key type asymmetric registered
[   12.175407] Asymmetric key parser 'x509' registered
[   12.187724] Block layer SCSI generic (bsg) driver version 0.4 loaded (major 249)
[   12.202833] io scheduler noop registered
[   12.207815] io scheduler deadline registered (default)
[   12.217779] io scheduler cfq registered
[   12.221888] pci_hotplug: PCI Hot Plug PCI Core version: 0.5
[   12.229181] pciehp: PCI Express Hot Plug Controller Driver version: 0.4
[   12.257231] ACPI: AC Adapter [AC] (on-line)
[   12.262133] input: Power Button as /devices/LNXSYSTM:00/LNXPWRBN:00/input/input0
[   12.271073] ACPI: Power Button [PWRF]
[   12.282559] input: Sleep Button as /devices/LNXSYSTM:00/LNXSLPBN:00/input/input1
[   12.291654] ACPI: Sleep Button [SLPF]
[   12.298215] GHES: HEST is not enabled!
[   12.301884] ACPI: Battery Slot [BAT0] (battery present)
[   12.315025] Serial: 8250/16550 driver, 32 ports, IRQ sharing enabled
[   12.351679] 00:02: ttyS0 at I/O 0x3f8 (irq = 4, base_baud = 115200) is a 16550A
[   12.380665] Linux agpgart interface v0.103
[   12.444162] loop: module loaded
[   12.460581] tsc: Refined TSC clocksource calibration: 2792.799 MHz
[   12.460584] clocksource: tsc: mask: 0xffffffffffffffff max_cycles: 0x2841ae59a48, max_idle_ns: 440795249662 ns
[   12.685469] scsi host0: ata_piix
[   12.715602] scsi host1: ata_piix
[   12.796727] ata1: PATA max UDMA/33 cmd 0x1f0 ctl 0x3f6 bmdma 0xd000 irq 14
[   12.901472] ata2: PATA max UDMA/33 cmd 0x170 ctl 0x376 bmdma 0xd008 irq 15
[   13.042553] libphy: Fixed MDIO Bus: probed
[   13.108055] tun: Universal TUN/TAP device driver, 1.6
[   13.139973] tun: (C) 1999-2004 Max Krasnyansky <maxk@qualcomm.com>
[   13.299976] PPP generic driver version 2.4.2
[   13.387950] ehci_hcd: USB 2.0 'Enhanced' Host Controller (EHCI) Driver
[   13.453083] ehci-pci: EHCI PCI platform driver
[   13.513918] ehci-platform: EHCI generic platform driver
[   13.590593] ohci_hcd: USB 1.1 'Open' Host Controller (OHCI) Driver
[   13.637279] ohci-pci: OHCI PCI platform driver
[   13.659023] ohci-platform: OHCI generic platform driver
[   13.733391] uhci_hcd: USB Universal Host Controller Interface driver
[   13.781345] i8042: PNP: PS/2 Controller [PNP0303:PS2K,PNP0f03:PS2M] at 0x60,0x64 irq 1,12
[   13.873370] serio: i8042 KBD port at 0x60,0x64 irq 1
[   13.933294] serio: i8042 AUX port at 0x60,0x64 irq 12
[   13.996213] mousedev: PS/2 mouse device common for all mice
[   14.033706] input: AT Translated Set 2 keyboard as /devices/platform/i8042/serio0/input/input2
[   14.044300] rtc_cmos rtc_cmos: rtc core: registered rtc_cmos as rtc0
[   14.044425] rtc_cmos rtc_cmos: alarms up to one day, 114 bytes nvram
[   14.044440] i2c /dev entries driver
[   14.044553] device-mapper: uevent: version 1.0.3
[   14.092309] device-mapper: ioctl: 4.34.0-ioctl (2015-10-28) initialised: dm-devel@redhat.com
[   14.092347] ledtrig-cpu: registered to indicate activity on CPUs
[   14.094077] NET: Registered protocol family 10
[   14.094847] NET: Registered protocol family 17
[   14.094863] Key type dns_resolver registered
[   14.095280] microcode: CPU0 sig=0x206a7, pf=0x10, revision=0x0
[   14.210831] microcode: CPU1 sig=0x206a7, pf=0x10, revision=0x0
[   14.210980] microcode: CPU2 sig=0x206a7, pf=0x10, revision=0x0
[   14.211087] microcode: CPU3 sig=0x206a7, pf=0x10, revision=0x0
[   14.211099] microcode: CPU4 sig=0x206a7, pf=0x10, revision=0x0
[   14.211165] microcode: CPU5 sig=0x206a7, pf=0x10, revision=0x0
[   14.211389] microcode: CPU6 sig=0x206a7, pf=0x10, revision=0x0
[   14.211458] microcode: CPU7 sig=0x206a7, pf=0x10, revision=0x0
[   14.211761] microcode: Microcode Update Driver: v2.01 <tigran@aivazian.fsnet.co.uk>, Peter Oruba
[   14.212730] registered taskstats version 1
[   14.212756] Loading compiled-in X.509 certificates
[   14.214088] Loaded X.509 cert 'Build time autogenerated kernel key: d1010f9627fd9242df4b03365d2931dfd1ad3d42'
[   14.214134] zswap: loaded using pool lzo/zbud
[   14.218912] Key type trusted registered
[   14.226792] Key type encrypted registered
[   14.226804] AppArmor: AppArmor sha1 policy hashing enabled
[   14.226808] ima: No TPM chip found, activating TPM-bypass!
[   14.226849] evm: HMAC attrs: 0x1
[   14.228025]   Magic number: 9:285:474
[   14.369542] rtc_cmos rtc_cmos: setting system clock to 2017-11-05 09:30:04 UTC (1509874204)
[   14.370053] BIOS EDD facility v0.16 2004-Jun-25, 0 devices found
[   14.370053] EDD information not available.
[   14.820848] Freeing unused kernel memory: 1492K
[   14.849350] Write protecting the kernel read-only data: 14336k
[   14.932624] Freeing unused kernel memory: 1748K
[   14.977290] Freeing unused kernel memory: 112K
Loading, please wait...
starting version[   15.029548] random: systemd-udevd: uninitialized urandom read (16 bytes read, 4 bits of entropy available)
 229
[   15.031599] random: udevadm: uninitialized urandom read (16 bytes read, 4 bits of entropy available)
[   15.031642] random: udevadm: uninitialized urandom read (16 bytes read, 4 bits of entropy available)
[   15.053285] random: udevadm: uninitialized urandom read (16 bytes read, 4 bits of entropy available)
[   15.053349] random: udevadm: uninitialized urandom read (16 bytes read, 4 bits of entropy available)
[   15.054312] random: udevadm: uninitialized urandom read (16 bytes read, 4 bits of entropy available)
[   15.054486] random: udevadm: uninitialized urandom read (16 bytes read, 4 bits of entropy available)
[   15.054595] random: udevadm: uninitialized urandom read (16 bytes read, 4 bits of entropy available)
[   15.054698] random: udevadm: uninitialized urandom read (16 bytes read, 4 bits of entropy available)
[   15.054790] random: udevadm: uninitialized urandom read (16 bytes read, 4 bits of entropy available)
[   16.080747] e1000: Intel(R) PRO/1000 Network Driver - version 7.3.21-k8-NAPI
[   16.125716] e1000: Copyright (c) 1999-2006 Intel Corporation.
[   16.199167] Fusion MPT base driver 3.04.20
[   16.325873] Copyright (c) 1999-2008 LSI Corporation
[   16.351321] input: ImExPS/2 Generic Explorer Mouse as /devices/platform/i8042/serio1/input/input4
[   16.570570] AVX version of gcm_enc/dec engaged.
[   16.621127] AES CTR mode by8 optimization enabled
[   16.661959] Fusion MPT SPI Host driver 3.04.20
[   16.952235] e1000 0000:00:03.0 eth0: (PCI:33MHz:32-bit) 02:51:17:41:23:cb
[   16.963962] e1000 0000:00:03.0 eth0: Intel(R) PRO/1000 Network Connection
[   17.623989] e1000 0000:00:08.0 eth1: (PCI:33MHz:32-bit) 08:00:27:ff:7f:3b
[   17.701980] e1000 0000:00:08.0 eth1: Intel(R) PRO/1000 Network Connection
[   17.755868] mptbase: ioc0: Initiating bringup
[   17.757684] e1000 0000:00:08.0 enp0s8: renamed from eth1
[   17.808682] e1000 0000:00:03.0 enp0s3: renamed from eth0
[   17.863161] ioc0: LSI53C1030 A0: Capabilities={Initiator}
[   18.028977] scsi host2: ioc0: LSI53C1030 A0, FwRev=00000000h, Ports=1, MaxQ=256, IRQ=20
[   18.285732] scsi 2:0:0:0: Direct-Access     VBOX     HARDDISK         1.0  PQ: 0 ANSI: 5
[   18.320253] scsi target2:0:0: Beginning Domain Validation
[   18.355314] scsi target2:0:0: Domain Validation skipping write tests
[   18.383750] scsi target2:0:0: Ending Domain Validation
[   18.395302] scsi target2:0:0: asynchronous
[   18.405081] scsi 2:0:1:0: Direct-Access     VBOX     HARDDISK         1.0  PQ: 0 ANSI: 5
[   18.419461] scsi target2:0:1: Beginning Domain Validation
[   18.440755] scsi target2:0:1: Domain Validation skipping write tests
[   18.454697] scsi target2:0:1: Ending Domain Validation
[   18.466042] scsi target2:0:1: asynchronous
[   18.502683] sd 2:0:0:0: Attached scsi generic sg0 type 0
[   18.503270] sd 2:0:0:0: [sda] 20971520 512-byte logical blocks: (10.7 GB/10.0 GiB)
[   18.503965] sd 2:0:0:0: [sda] Write Protect is off
[   18.504745] sd 2:0:0:0: [sda] Incomplete mode parameter data
[   18.504747] sd 2:0:0:0: [sda] Assuming drive cache: write through
[   18.507738]  sda: sda1
[   18.510212] sd 2:0:0:0: [sda] Attached SCSI disk
[   18.774834] sd 2:0:1:0: Attached scsi generic sg1 type 0
[   18.775849] sd 2:0:1:0: [sdb] 20480 512-byte logical blocks: (10.5 MB/10.0 MiB)
[   18.777568] sd 2:0:1:0: [sdb] Write Protect is off
[   18.778064] sd 2:0:1:0: [sdb] Incomplete mode parameter data
[   18.778094] sd 2:0:1:0: [sdb] Assuming drive cache: write through
[   18.783531] sd 2:0:1:0: [sdb] Attached SCSI disk
[   18.909083] floppy0: no floppy controllers found
[   18.909173] work still pending
Begin: Loading essential drivers[   20.974790] md: linear personality registered for level -1
 ... [   21.092804] md: multipath personality registered for level -4
[   21.143711] md: raid0 personality registered for level 0
[   21.196467] md: raid1 personality registered for level 1
[   21.344697] raid6: sse2x1   gen()  4208 MB/s
[   21.492939] raid6: sse2x1   xor()  3308 MB/s
[   21.640543] raid6: sse2x2   gen()  2097 MB/s
[   21.764719] raid6: sse2x2   xor()   982 MB/s
[   21.888382] raid6: sse2x4   gen()  1882 MB/s
[   22.024441] raid6: sse2x4   xor()   988 MB/s
[   22.076331] raid6: using algorithm sse2x1 gen() 4208 MB/s
[   22.174655] raid6: .... xor() 3308 MB/s, rmw enabled
[   22.219745] raid6: using ssse3x2 recovery algorithm
[   22.270729] xor: automatically using best checksumming function:
[   22.428166]    avx       :  9396.000 MB/sec
[   22.503675] async_tx: api initialized (async)
[   22.621257] md: raid6 personality registered for level 6
[   22.700929] md: raid5 personality registered for level 5
[   22.757563] md: raid4 personality registered for level 4
[   22.794688] md: raid10 personality registered for level 10
done.
Begin: Running /scripts/init-premount ... done.
Begin: Mounting root file system ... Begin: Running /scripts/local-top ... done.
Begin: Running /scripts/local-premount ... [   23.003386] Btrfs loaded
Scanning for Btrfs filesystems
done.
Warning: fsck no[   23.158003] EXT4-fs (sda1): mounted filesystem with ordered data mode. Opts: (null)
t present, so skipping root file system
done.
Begin: Running /scripts/local-bottom ... done.
Begin: Running /scripts/init-bottom ... done.
[   23.553861] systemd[1]: systemd 229 running in system mode. (+PAM +AUDIT +SELINUX +IMA +APPARMOR +SMACK +SYSVINIT +UTMP +LIBCRYPTSETUP +GCRYPT +GNUTLS +ACL +XZ -LZ4 +SECCOMP +BLKID +ELFUTILS +KMOD -IDN)
[   23.689836] systemd[1]: Detected virtualization oracle.
[   23.733596] systemd[1]: Detected architecture x86-64.

Welcome to [1mUbuntu 16.04.3 LTS[0m!

[   23.797232] systemd[1]: Set hostname to <ubuntu>.
[   23.901637] systemd[1]: Initializing machine ID from random generator.
[   23.977499] systemd[1]: Installed transient /etc/machine-id file.
[   24.320814] systemd[1]: Listening on Journal Socket.
[[0;32m  OK  [0m] Listening on Journal Socket.
[   24.350285] systemd[1]: Listening on /dev/initctl Compatibility Named Pipe.
[[0;32m  OK  [0m] Listening on /dev/initctl Compatibility Named Pipe.
[   24.383476] systemd[1]: Listening on udev Kernel Socket.
[[0;32m  OK  [0m] Listening on udev Kernel Socket.
[   24.406135] systemd[1]: Listening on LVM2 poll daemon socket.
[[0;32m  OK  [0m] Listening on LVM2 poll daemon socket.
[   24.445825] systemd[1]: Listening on Journal Audit Socket.
[[0;32m  OK  [0m] Listening on Journal Audit Socket.
[   24.476374] systemd[1]: Set up automount Arbitrary Executable File Formats File System Automount Point.
[[0;32m  OK  [0m] Set up automount Arbitrary Executab...ats File System Automount Point.
[   24.514910] systemd[1]: Started Trigger resolvconf update for networkd DNS.
[[0;32m  OK  [0m] Started Trigger resolvconf update for networkd DNS.
[   24.589043] systemd[1]: Listening on Journal Socket (/dev/log).
[[0;32m  OK  [0m] Listening on Journal Socket (/dev/log).
[   24.773411] systemd[1]: Created slice System Slice.
[[0;32m  OK  [0m] Created slice System Slice.
[   24.864649] systemd[1]: Starting Uncomplicated firewall...
[   24.865681] random: nonblocking pool is initialized
         Starting Uncomplicated firewall...
[   24.925651] systemd[1]: Starting Load Kernel Modules...
         Starting Load Ke[   24.953995] Loading iSCSI transport class v2.0-870.
rnel Modules...
[   25.066273] systemd[1]: Starting Set console keymap...
         [   25.113508] iscsi: registered transport (tcp)
Starting Set console keymap...
[   25.194888] systemd[1]: Created slice system-serial\x2dgetty.slice.
[[0;32m  OK  [0m] Created slice system-serial\x2dgetty.slice.
[   25.372517] systemd[1]: Mounting Huge Pages File System...
         Mounting Huge Pages File System...
[   25.494293] iscsi: registered transport (iser)
[   25.505687] systemd[1]: Mounting POSIX Message Queue File System...
         Mounting POSIX Message Queue File System...
[   25.586062] systemd[1]: Starting Nameserver information manager...
         Starting Nameserver information manager...
[   25.733313] systemd[1]: Starting Remount Root and Kernel File Systems...
[   25.740738] EXT4-fs (sda1): re-mounted. Opts: (null)
         Starting Remount Root and Kernel File Systems...
[   26.011326] systemd[1]: Listening on udev Control Socket.
[[0;32m  OK  [0m] Listening on udev Control Socket.
[   26.177819] systemd[1]: Started Forward Password Requests to Wall Directory Watch.
[[0;32m  OK  [0m] Started Forward Password Requests to Wall Directory Watch.
[   26.285257] systemd[1]: Listening on Device-mapper event daemon FIFOs.
[[0;32m  OK  [0m] Listening on Device-mapper event daemon FIFOs.
[   26.376627] systemd[1]: Mounting Debug File System...
         Mounting Debug File System...
[   26.421017] systemd[1]: Listening on LVM2 metadata daemon socket.
[[0;32m  OK  [0m] Listening on LVM2 metadata daemon socket.
[   26.510409] systemd[1]: Starting Monitoring of LVM2 mirrors, snapshots etc. using dmeventd or progress polling...
         Starting Monitoring of LVM2 mirrors... dmeventd or progress polling...
[   26.635075] systemd[1]: Reached target Swap.
[[0;32m  OK  [0m] Reached target Swap.
[   26.693462] systemd[1]: Listening on Syslog Socket.
[[0;32m  OK  [0m] Listening on Syslog Socket.
[   26.848700] systemd[1]: Starting Journal Service...
         Starting Journal Service...
[   26.976626] systemd[1]: Reached target Encrypted Volumes.
[[0;32m  OK  [0m] Reached target Encrypted Volumes.
[   27.150270] systemd[1]: Created slice User and Session Slice.
[[0;32m  OK  [0m] Created slice User and Session Slice.
[   27.333364] systemd[1]: Reached target Slices.
[[0;32m  OK  [0m] Reached target Slices.
[   27.484706] systemd[1]: Starting Create list of required static device nodes for the current kernel...
         Starting Create list of required st... nodes for the current kernel...
[   27.688699] systemd[1]: Reached target User and Group Name Lookups.
[[0;32m  OK  [0m] Reached target User and Group Name Lookups.
[   27.850577] systemd[1]: Mounted POSIX Message Queue File System.
[[0;32m  OK  [0m] Mounted POSIX Message Queue File System.
[   28.036774] systemd[1]: Mounted Huge Pages File System.
[[0;32m  OK  [0m] Mounted Huge Pages File System.
[   28.208698] systemd[1]: Mounted Debug File System.
[[0;32m  OK  [0m] Mounted Debug File System.
[   28.353432] systemd[1]: Started Journal Service.
[[0;32m  OK  [0m] Started Journal Service.
[[0;32m  OK  [0m] Started Uncomplicated firewall.
[[0;32m  OK  [0m] Started Load Kernel Modules.
[[0;32m  OK  [0m] Started Set console keymap.
[[0;32m  OK  [0m] Started Remount Root and Kernel File Systems.
[[0;32m  OK  [0m] Started Create list of required sta...ce nodes for the current kernel.
[[0;32m  OK  [0m] Started Nameserver information manager.
[[0;32m  OK  [0m] Started LVM2 metadata daemon.
         Starting Create Static Device Nodes in /dev...
         Starting udev Coldplug all Devices...
         Starting Initial cloud-init job (pre-networking)...
         Starting Load/Save Random Seed...
         Starting Apply Kernel Variables...
         Mounting FUSE Control File System...
         Starting Flush Journal to Persistent Storage...
[[0;32m  OK  [0m] Mounted FUSE Control File System.
[[0;32m  OK  [0m] Started Monitoring of LVM2 mirrors,...ng dmeventd or progress polling.
[[0;32m  OK  [0m] Started Create Static Device Nodes in /dev.
[[0;32m  OK  [0m] Started Load/Save Random Seed.
[[0;32m  OK  [0m] Started Apply Kernel Variables.
[[0;32m  OK  [0m] Started udev Coldplug all Devices.
[[0;32m  OK  [0m] Started Flush Journal to Persistent Storage.
         Starting udev Kernel Device Manager...
[[0;32m  OK  [0m] Started udev Kernel Device Manager.
[[0;32m  OK  [0m] Started Dispatch Password Requests to Console Directory Watch.
[[0;32m  OK  [0m] Reached target Local File Systems (Pre).
[[0;32m  OK  [0m] Reached target Local File Systems.
         Starting LSB: AppArmor initialization...
         Starting Commit a transient machine-id on disk...
         Starting Create Volatile Files and Directories...
         Starting Tell Plymouth To Write Out Runtime Data...
         Starting Set console font and keymap...
[[0;32m  OK  [0m] Started Commit a transient machine-id on disk.
[[   28.743598] [0;32m  OK  [0mcloud-init] [499]: Started Create Volatile Files and Directories.Cloud-init v. 0.7.9 running 'init-local' at Sun, 05 Nov 2017 09:30:21 +0000. Up 27.91 seconds.

[[0;32m  OK  [0m] Started Tell Plymouth To Write Out Runtime Data.
[[0;32m  OK  [0m] Started Initial cloud-init job (pre-networking).
[[0;32m  OK  [0m] Found device /dev/ttyS0.
[[0;32m  OK  [0m] Listening on Load/Save RF Kill Switch Status /dev/rfkill Watch.
[[0;32m  OK  [0m] Reached target Network (Pre).
[[0;32m  OK  [0m] Reached target System Time Synchronized.
         Starting Update UTMP about System Boot/Shutdown...
[[0;32m  OK  [0m] Started Set console font and keymap.
[[0;32m  OK  [0m] Created slice system-getty.slice.
[[0;32m  OK  [0m] Started Update UTMP about System Boot/Shutdown.
[[0;32m  OK  [0m] Started LSB: AppArmor initialization.
         Starting Raise network interfaces...
[[0;32m  OK  [0m] Started Raise network interfaces.
[[0;32m  OK  [0m] Reached target Network.
         Starting Initial cloud-init job (metadata service crawler)...
[   35.301909] cloud-init[1017]: Cloud-init v. 0.7.9 running 'init' at Sun, 05 Nov 2017 09:30:26 +0000. Up 32.46 seconds.
[   35.409525] [cloud-init[0;32m  OK  [0m[1017]: ] ci-info: ++++++++++++++++++++++++++++++++++++++Net device info++++++++++++++++++++++++++++++++++++++Started Initial cloud-init job (metadata service crawler).

[   35.410218] cloud-init[1017]: ci-info: +--------+-------+----------------------------+---------------+-------+-------------------+
[   35.621116] [cloud-init[0;32m  OK  [0m[1017]: ] ci-info: | Device |   Up  |          Address           |      Mask     | Scope |     Hw-Address    |Reached target Network is Online.

[   35.724668]          cloud-initStarting iSCSI initiator daemon (iscsid)...[1017]: 
ci-info: +--------+-------+----------------------------+---------------+-------+-------------------+
[   35.824584] [cloud-init[0;32m  OK  [0m[1017]: ] ci-info: |   lo   |  True |         127.0.0.1          |   255.0.0.0   |   .   |         .         |Reached target Cloud-config availability.

[[   35.825738] [0;32m  OK  [0mcloud-init] [1017]: Reached target System Initialization.ci-info: |   lo   |  True |          ::1/128           |       .       |  host |         .         |

[   35.989057] [cloud-init[0;32m  OK  [0m[1017]: ] ci-info: | enp0s8 | False |             .              |       .       |   .   | 08:00:27:ff:7f:3b |Listening on UUID daemon activation socket.

[[   35.990040] [0;32m  OK  [0mcloud-init] [1017]: Started Timer to automatically fetch and run repair assertions.ci-info: | enp0s3 |  True |         10.0.2.15          | 255.255.255.0 |   .   | 02:51:17:41:23:cb |

[   36.168658]          cloud-initStarting Socket activation for snappy daemon.[1017]: 
ci-info: | enp0s3 |  True | fe80::51:17ff:fe41:23cb/64 |       .       |  link | 02:51:17:41:23:cb |
[   36.240723] [cloud-init[0;32m  OK  [0m[1017]: ] ci-info: +--------+-------+----------------------------+---------------+-------+-------------------+Started Daily Cleanup of Temporary Directories.

[   36.324858] [cloud-init[0;32m  OK  [0m[1017]: ] ci-info: +++++++++++++++++++++++++++Route IPv4 info++++++++++++++++++++++++++++Started ACPI Events Check.

[   36.396598] [cloud-init[0;32m  OK  [0m[1017]: ] ci-info: +-------+-------------+----------+---------------+-----------+-------+Reached target Paths.

[   36.456534] [cloud-init[0;32m  OK  [0m[1017]: ] ci-info: | Route | Destination | Gateway  |    Genmask    | Interface | Flags |Started Daily apt download activities.

[   36.457300] [cloud-init[0;32m  OK  [0m[1017]: ] ci-info: +-------+-------------+----------+---------------+-----------+-------+Started Daily apt upgrade and clean activities.

[   36.648888] cloud-init[1017]: ci-info: |   0   |   0.0.0.0   | 10.0.2.2 |    0.0.0.0    |   enp0s3  |   UG  |
[[0;32m  OK  [0m] Listening on ACPID Listen Socket.
[   36.650934] cloud-init[1017]: ci-info: |   1   |   10.0.2.0  | 0.0.0.0  | 255.255.255.0 |   enp0s3  |   U   |
[   36.800689]          cloud-initStarting LXD - unix socket.[1017]: 
ci-info: +-------+-------------+----------+---------------+-----------+-------+
[   36.860585] [cloud-init[0;32m  OK  [0m[1017]: ] Generating public/private rsa key pair.Listening on D-Bus System Message Bus Socket.

[[0;32m  OK  [0m] Started Timer to automatically refresh installed snaps.
[   36.917037] cloud-init[1017]: Your identification has been saved in /etc/ssh/ssh_host_rsa_key.
[   37.004986] [cloud-init[0;32m  OK  [0m[1017]: ] Your public key has been saved in /etc/ssh/ssh_host_rsa_key.pub.Reached target Timers.

[   37.076669] [cloud-init[0;32m  OK  [0m[1017]: ] The key fingerprint is:Listening on Socket activation for snappy daemon.

[[   37.077638] cloud-init[1017]: SHA256:L4DCPKNZumMzXpt2kPQIa/arFfOnXTRgGsS9xNAiGFw root@ubuntu-xenial
[0;32m  OK  [0m] Listening on LXD - unix socket.
[   37.126752] [cloud-init[0;32m  OK  [0m[1017]: ] The key's randomart image is:Started iSCSI initiator daemon (iscsid).

[   37.253059]          cloud-initStarting Login to default iSCSI targets...[1017]: 
+---[RSA 2048]----+
[   37.301091] [cloud-init[0;32m  OK  [0m[1017]: ] |..+E.o=          |Reached target Sockets.

[   37.344862] [cloud-init[0;32m  OK  [0m[1017]: ] | o ..o =         |Reached target Basic System.

[   37.345661] cloud-init[1017]: |    ..oo.        |
[   37.417544]          cloud-initStarting Login Service...[1017]: 
| + . .+..        |
[   37.461256]          cloud-initStarting Accounts Service...[1017]: 
|  @o=.. So       |
[   37.513095]          cloud-initStarting LXD - container startup/shutdown...[1017]: 
| O B+. ....      |
[   37.585043] [cloud-init[0;32m  OK  [0m[1017]: ] |* .o.. ....      |Started FUSE filesystem for LXC.

[   37.585822] cloud-init[1017]: |.=ooo.+ ..       |
[   37.665190]          cloud-initStarting Pollinate to seed the pseudo random number generator...[1017]: 
|++=+o. .         |
[   37.743287] [cloud-init[0;32m  OK  [0m[1017]: ] +----[SHA256]-----+Started Deferred execution scheduler.

[   37.744036] cloud-init[1017]: Generating public/private dsa key pair.
[[   37.819604] [0;32m  OK  [0mcloud-init] [1017]: Started Unattended Upgrades Shutdown.Your identification has been saved in /etc/ssh/ssh_host_dsa_key.
[   37.820668] cloud-init[1017]: Your public key has been saved in /etc/ssh/ssh_host_dsa_key.pub.

[   37.820773] cloud-init[1017]: The key fingerprint is:
[   38.024843] cloud-init[1017]: SHA256:bBn42qUyG9/slF2Hgri/fJgxq6Ow7yKD0ad5DSDi6zU root@ubuntu-xenial
[[0;32m  OK  [0m] Started Regular background program processing daemon.
[   38.025603] cloud-init[1017]: The key's randomart image is:
[   38.132734] cloud-init[1017]: +---[DSA 1024]----+
         Starting LSB: Record successful boot for GRUB...
[   38.134557] cloud-init[1017]: |                 |
[   38.236796]          cloud-initStarting LSB: MD monitoring daemon...[1017]: 
|       .         |
[   38.237508] cloud-init[1017]: |      . .        |
         Starting System Logging Service...
[   38.339309] cloud-init[1017]: |o .    o + .   . |
[   38.417397]          cloud-initStarting /etc/rc.local Compatibility...[1017]: 
|oo .    S o . o .|
[   38.480832]          cloud-initStarting Apply the settings specified in cloud-config...[1017]: 
|... o  + +oo o . |
[   38.581021] cloud-init[1017]: | o.E.o= + o*.    |
         Starting Snappy daemon...
[   38.582072] cloud-init[1017]: |..* +o.*.*+ .    |
[   38.677252] [cloud-init[0;32m  OK  [0m[1017]: ] |.. +.+=.o+Bo     |Started D-Bus System Message Bus.

[   38.678157] cloud-init[1017]: +----[SHA256]-----+
[   38.801495] [cloud-init[0;32m  OK  [0m[1017]: ] Generating public/private ecdsa key pair.Started ACPI event daemon.

[   38.877820] cloud-init[1017]: Your identification has been saved in /etc/ssh/ssh_host_ecdsa_key.
[   38.945092] [cloud-init[0;32m  OK  [0m[1017]: ] Your public key has been saved in /etc/ssh/ssh_host_ecdsa_key.pub.Started System Logging Service.

[   38.946303] [cloud-init[0;32m  OK  [0m[1017]: ] The key fingerprint is:Started Snappy daemon.

[   39.145576] cloud-init[1017]: SHA256:YWnKeMRyc91S8bUksrqm0cJcP/5ylnHm0lJlPjsgK5w root@ubuntu-xenial
[[0;32m  OK  [0m] Started LXD - container startup/shutdown.
[   39.147033] cloud-init[1017]: The key's randomart image is:
[   39.297116] [cloud-init[0;32m  OK  [0m[1017]: ] +---[ECDSA 256]---+Started /etc/rc.local Compatibility.

[   39.428872] cloud-init[1017]: |           .oo ..|
[[0;32m  OK  [0m] Started Login to default iSCSI targets.
[   39.429934] cloud-init[1017]: |     .   o oo.o..|
[   39.524864] cloud-init[1017]: |    . = * o.. .. |
[   39.573797] [cloud-init[0;32m  OK  [0m[1017]: ] |     * * ...    o|Started LSB: Record successful boot for GRUB.

[   39.657013] [cloud-init[0;32m  OK  [0m[1017]: ] |    . + So     o.|Started LSB: MD monitoring daemon.

[   39.658081] cloud-init[1017]: |     .o o o. o =.|
[   39.746727] cloud-init[1017]: |       =.+.oo X o|
[   39.770251] cloud-init[1017]: |        =E.o.* = |
[[0;32m  OK  [0m] Started Login Service.
[   39.772870] cloud-init[1017]: |       .  ..=.o .|
         Starting Authenticate and Authorize Users to Run Privileged Tasks...
[   39.859863] cloud-init[1017]: +----[SHA256]-----+
[[0;32m  OK  [0m] Reached target Remote File Systems (Pre).
[   39.921393] cloud-init[1017]: Generating public/private ed25519 key pair.
[   40.057067] cloud-init[1017]: Your identification has been saved in /etc/ssh/ssh_host_ed25519_key.
[   40.144902] cloud-init[[1017]: [0;32m  OK  [0mYour public key has been saved in /etc/ssh/ssh_host_ed25519_key.pub.] 
Reached target Remote File Systems.
[   40.146211] cloud-init[1017]: The key fingerprint is:
[   40.300944] cloud-init[1017]: SHA256:AHkf1UtjdlCBu5mbT5n/nvjFc2TgVxBmg28T0yDntXI root@ubuntu-xenial
[   40.360990]          cloud-initStarting LSB: daemon to balance interrupts for SMP systems...[1017]: 
The key's randomart image is:
[   40.448900]          cloud-initStarting LSB: Set the CPU Frequency Scaling governor to "ondemand"...[1017]: 
+--[ED25519 256]--+
[   40.561186]          cloud-initStarting Permit User Sessions...[1017]: 
|    ..   ...o=@=.|
[   40.660808]          cloud-initStarting LSB: VirtualBox Linux Additions...[1017]: 
|    ... .   O*++o|
[   40.729319]          cloud-initStarting LSB: automatic crash report generation...[1017]: 
|     ... . + BoE.|
[   40.830167] cloud-init[1017]: |       ..   o.*..|
[   40.831209] cloud-init[1017]: |        S    =..+|
[   40.831341] cloud-init[1017]: |            +  B |
[   40.832250] cloud-init[1017]: |             o+.+|
         Starting Auto import assertions from block devices...
[   40.832349] cloud-init[1017]: |            o...=|
[   41.105183] [cloud-init[0;32m  OK  [0m[1017]: ] |             oo+=|Started Pollinate to seed the pseudo random number generator.

[   41.200767] [cloud-init[0;32m  OK  [0m[1017]: ] +----[SHA256]-----+Started Permit User Sessions.

[   41.214306] cloud-init[1197]: Generating locales (this might take a while)...
[[0;32m  OK  [0m] Started Auto import assertions from block devices.
[[0;32m  OK  [0m] Started Authenticate and Authorize Users to Run Privileged Tasks.
[[0;32m  OK  [0m] Started Accounts Service.
[[0;32m  OK  [0m] Started LSB: daemon to balance interrupts for SMP systems.
[[0;32m  OK  [0m] Started LSB: Set the CPU Frequency Scaling governor to "ondemand".
         Starting Hold until boot process finishes up...
         Starting Terminate Plymouth Boot Screen...
         Starting OpenBSD Secure Shell server...
[[0;32m  OK  [0m] Started OpenBSD Secure Shell server.
[[0;32m  OK  [0m] Started LSB: VirtualBox Linux Additions.
[[0;32m  OK  [0m] Started LSB: automatic crash report generation.
[[0;32m  OK  [0m] Started Hold until boot process finishes up.
[[0;32m  OK  [0m] Started Terminate Plymouth Boot Screen.
         Starting Set console scheme...
[[0;32m  OK  [0m] Started Serial Getty on ttyS0.
[[0;32m  OK  [0m] Started Getty on tty1.
[[0;32m  OK  [0m] Reached target Login Prompts.
[[0;32m  OK  [0m] Reached target Multi-User System.
[[0;32m  OK  [0m] Reached target Graphical Interface.
         Starting Update UTMP about System Runlevel Changes...
[[0;32m  OK  [0m] Started Set console scheme.
[[0;32m  OK  [0m] Started Update UTMP about System Runlevel Changes.
[   43.668698] cloud-init[1197]:   en_US.UTF-8... done
[   43.725135] cloud-init[1197]: Generation complete.
         Stopping OpenBSD Secure Shell server...
[[0;32m  OK  [0m] Stopped OpenBSD Secure Shell server.
         Starting OpenBSD Secure Shell server...
[[0;32m  OK  [0m] Started OpenBSD Secure Shell server.
[[0;32m  OK  [0m] Created slice User Slice of ubuntu.
         Starting User Manager for UID 1000...
[[0;32m  OK  [0m] Started User Manager for UID 1000.
[[0;32m  OK  [0m] Started Session 1 of user ubuntu.
[   44.783029] cloud-init[1197]: Cloud-init v. 0.7.9 running 'modules:config' at Sun, 05 Nov 2017 09:30:33 +0000. Up 40.00 seconds.
[[0;32m  OK  [0m] Started Apply the settings specified in cloud-config.
         Starting Execute cloud user/final scripts...
ci-info: +++++Authorized keys from /home/ubuntu/.ssh/authorized_keys for user ubuntu++++++
ci-info: +---------+-------------------------------------------------+---------+---------+
ci-info: | Keytype |                Fingerprint (md5)                | Options | Comment |
ci-info: +---------+-------------------------------------------------+---------+---------+
ci-info: | ssh-rsa | 3c:ab:96:94:d0:38:af:11:f1:a6:16:04:b3:5f:1f:1b |    -    | vagrant |
ci-info: +---------+-------------------------------------------------+---------+---------+
<14>Nov  5 09:30:41 ec2: 
<14>Nov  5 09:30:41 ec2: #############################################################
<14>Nov  5 09:30:41 ec2: -----BEGIN SSH HOST KEY FINGERPRINTS-----
<14>Nov  5 09:30:41 ec2: 1024 SHA256:bBn42qUyG9/slF2Hgri/fJgxq6Ow7yKD0ad5DSDi6zU root@ubuntu-xenial (DSA)
<14>Nov  5 09:30:41 ec2: 256 SHA256:YWnKeMRyc91S8bUksrqm0cJcP/5ylnHm0lJlPjsgK5w root@ubuntu-xenial (ECDSA)
<14>Nov  5 09:30:41 ec2: 256 SHA256:AHkf1UtjdlCBu5mbT5n/nvjFc2TgVxBmg28T0yDntXI root@ubuntu-xenial (ED25519)
<14>Nov  5 09:30:41 ec2: 2048 SHA256:L4DCPKNZumMzXpt2kPQIa/arFfOnXTRgGsS9xNAiGFw root@ubuntu-xenial (RSA)
<14>Nov  5 09:30:41 ec2: -----END SSH HOST KEY FINGERPRINTS-----
<14>Nov  5 09:30:41 ec2: #############################################################
-----BEGIN SSH HOST KEY KEYS-----
ecdsa-sha2-nistp256 AAAAE2VjZHNhLXNoYTItbmlzdHAyNTYAAAAIbmlzdHAyNTYAAABBBDKN0a3+uTjh4Rx0gvp2GJc52SW7/H4QhTn5El6a8g+Ufwqrm7sJnjkdft/D8ZjRIaIsN76BvDt0xLxpk7/mcSw= root@ubuntu-xenial
ssh-ed25519 AAAAC3NzaC1lZDI1NTE5AAAAIK6IZ7gaosjmjUJehzZmBJQtl65c0gS3nIWXQT5jtBrF root@ubuntu-xenial
ssh-rsa AAAAB3NzaC1yc2EAAAADAQABAAABAQC6NLwVD1In6yeG1DiU04rk9uN3bOaNIaJ0fPQkHC0YftJfZwzRTPEmOxR5NsXCJgWa1uGrMmhsfayCXUOg0cccyJ0MXKD6bUyUAympwras5GwcDw3+6tWYGtnECi4mLIrSjHBv2kgG6HWSOdh4LRKaqptv4DkB0IZGxI0E2PjMJEm0QTdpxRHZRk0C58zn8Vox2Hf5Q/zfXqNeLYrldEnqgvvKOh8f8y2hYm8WwF80fumgIpsQeSqo6EDtHArqLXFMyYIQJ59aS+5M1ylIYngq6afYNQsMLbiKKE5AK3Z5jBAo++0I94cPavLdkLxvnl+gR/AfecsP7HAGmxKVJcoT root@ubuntu-xenial
-----END SSH HOST KEY KEYS-----
[   47.795417] cloud-init[1459]: Cloud-init v. 0.7.9 running 'modules:final' at Sun, 05 Nov 2017 09:30:40 +0000. Up 46.98 seconds.
[   47.795750] cloud-init[1459]: Cloud-init v. 0.7.9 finished at Sun, 05 Nov 2017 09:30:41 +0000. Datasource DataSourceNoCloud [seed=/dev/sdb][dsmode=net].  Up 47.77 seconds

Ubuntu 16.04.3 LTS agent2 ttyS0

agent2 login: [18313.236786] e1000 0000:00:03.0 enp0s3: Detected Tx Unit Hang
[18313.236786]   Tx Queue             <0>
[18313.236786]   TDH                  <1e>
[18313.236786]   TDT                  <20>
[18313.236786]   next_to_use          <20>
[18313.236786]   next_to_clean        <1e>
[18313.236786] buffer_info[next_to_clean]
[18313.236786]   time_stamp           <10044b88f>
[18313.236786]   next_to_watch        <1f>
[18313.236786]   jiffies              <10044b990>
[18313.236786]   next_to_watch.status <0>
[18315.247141] e1000 0000:00:03.0 enp0s3: Detected Tx Unit Hang
[18315.247141]   Tx Queue             <0>
[18315.247141]   TDH                  <1e>
[18315.247141]   TDT                  <20>
[18315.247141]   next_to_use          <20>
[18315.247141]   next_to_clean        <1e>
[18315.247141] buffer_info[next_to_clean]
[18315.247141]   time_stamp           <10044b88f>
[18315.247141]   next_to_watch        <1f>
[18315.247141]   jiffies              <10044bb87>
[18315.247141]   next_to_watch.status <0>
[18317.267504] e1000 0000:00:03.0 enp0s3: Detected Tx Unit Hang
[18317.267504]   Tx Queue             <0>
[18317.267504]   TDH                  <1e>
[18317.267504]   TDT                  <20>
[18317.267504]   next_to_use          <20>
[18317.267504]   next_to_clean        <1e>
[18317.267504] buffer_info[next_to_clean]
[18317.267504]   time_stamp           <10044b88f>
[18317.267504]   next_to_watch        <1f>
[18317.267504]   jiffies              <10044bd80>
[18317.267504]   next_to_watch.status <0>
[18319.192276] e1000 0000:00:03.0 enp0s3: Reset adapter
[18319.294999] e1000 0000:00:03.0 enp0s3: Detected Tx Unit Hang
[18319.294999]   Tx Queue             <0>
[18319.294999]   TDH                  <1e>
[18319.294999]   TDT                  <20>
[18319.294999]   next_to_use          <20>
[18319.294999]   next_to_clean        <1e>
[18319.294999] buffer_info[next_to_clean]
[18319.294999]   time_stamp           <10044b88f>
[18319.294999]   next_to_watch        <1f>
[18319.294999]   jiffies              <10044bf7b>
[18319.294999]   next_to_watch.status <0>
[18319.672532] e1000 0000:00:03.0 enp0s3: Reset adapter
